Loading configuration file config/train_config.yaml
Loading pretrained model

Fetching 12 files:   0%|          | 0/12 [00:00<?, ?it/s]
Fetching 12 files: 100%|██████████| 12/12 [00:00<00:00, 9023.24it/s]
Loading datasets
Training
Trainable parameters: 0.410% (134.218M/32763.876M)
Starting training..., iters: 1500

Calculating loss...:   0%|          | 0/25 [00:00<?, ?it/s]
Calculating loss...:   4%|▍         | 1/25 [00:14<05:39, 14.16s/it]
Calculating loss...:   8%|▊         | 2/25 [00:29<05:36, 14.63s/it]
Calculating loss...:  12%|█▏        | 3/25 [00:45<05:36, 15.28s/it]
Calculating loss...:  16%|█▌        | 4/25 [01:01<05:33, 15.88s/it]
Calculating loss...:  20%|██        | 5/25 [01:18<05:24, 16.24s/it]
Calculating loss...:  24%|██▍       | 6/25 [01:28<04:25, 13.98s/it]
Calculating loss...:  28%|██▊       | 7/25 [01:42<04:14, 14.15s/it]
Calculating loss...:  32%|███▏      | 8/25 [02:01<04:27, 15.71s/it]
Calculating loss...:  36%|███▌      | 9/25 [02:18<04:17, 16.08s/it]
Calculating loss...:  40%|████      | 10/25 [02:35<04:05, 16.34s/it]
Calculating loss...:  44%|████▍     | 11/25 [02:54<03:57, 16.94s/it]
Calculating loss...:  48%|████▊     | 12/25 [03:14<03:54, 18.05s/it]
Calculating loss...:  52%|█████▏    | 13/25 [03:32<03:37, 18.12s/it]
Calculating loss...:  56%|█████▌    | 14/25 [03:55<03:32, 19.32s/it]
Calculating loss...:  60%|██████    | 15/25 [04:19<03:28, 20.82s/it]
Calculating loss...:  64%|██████▍   | 16/25 [04:44<03:18, 22.03s/it]
Calculating loss...:  68%|██████▊   | 17/25 [05:02<02:47, 20.95s/it]
Calculating loss...:  72%|███████▏  | 18/25 [05:21<02:21, 20.26s/it]
Calculating loss...:  76%|███████▌  | 19/25 [05:50<02:16, 22.81s/it]
Calculating loss...:  80%|████████  | 20/25 [06:13<01:54, 22.95s/it]
Calculating loss...:  84%|████████▍ | 21/25 [06:36<01:32, 23.14s/it]
Calculating loss...:  88%|████████▊ | 22/25 [07:01<01:10, 23.52s/it]
Calculating loss...:  92%|█████████▏| 23/25 [07:14<00:40, 20.49s/it]
Calculating loss...:  96%|█████████▌| 24/25 [07:39<00:21, 21.74s/it]
Calculating loss...: 100%|██████████| 25/25 [07:57<00:00, 20.52s/it]
Calculating loss...: 100%|██████████| 25/25 [07:57<00:00, 19.08s/it]
Iter 1: Val loss 2.110, Val took 477.086s
Iter 10: Train loss 1.380, Learning Rate 3.600e-06, It/sec 0.017, Tokens/sec 22.143, Trained Tokens 12655, Peak mem 24.670 GB
Iter 20: Train loss 0.385, Learning Rate 7.600e-06, It/sec 0.019, Tokens/sec 25.069, Trained Tokens 25997, Peak mem 24.670 GB

Calculating loss...:   0%|          | 0/25 [00:00<?, ?it/s]
Calculating loss...:   4%|▍         | 1/25 [00:16<06:32, 16.34s/it]
Calculating loss...:   8%|▊         | 2/25 [00:42<08:22, 21.83s/it]
Calculating loss...:  12%|█▏        | 3/25 [01:07<08:41, 23.70s/it]
Calculating loss...:  16%|█▌        | 4/25 [01:22<07:05, 20.28s/it]
Calculating loss...:  20%|██        | 5/25 [01:47<07:15, 21.75s/it]
Calculating loss...:  24%|██▍       | 6/25 [02:05<06:32, 20.66s/it]
Calculating loss...:  28%|██▊       | 7/25 [02:33<06:52, 22.94s/it]
Calculating loss...:  32%|███▏      | 8/25 [02:57<06:36, 23.35s/it]
Calculating loss...:  36%|███▌      | 9/25 [03:21<06:15, 23.46s/it]
Calculating loss...:  40%|████      | 10/25 [03:46<05:57, 23.85s/it]
Calculating loss...:  44%|████▍     | 11/25 [04:13<05:48, 24.88s/it]
Calculating loss...:  48%|████▊     | 12/25 [04:36<05:18, 24.47s/it]
Calculating loss...:  52%|█████▏    | 13/25 [04:54<04:30, 22.52s/it]
Calculating loss...:  56%|█████▌    | 14/25 [05:16<04:04, 22.25s/it]
Calculating loss...:  60%|██████    | 15/25 [05:30<03:16, 19.64s/it]
Calculating loss...:  64%|██████▍   | 16/25 [06:00<03:25, 22.86s/it]
Calculating loss...:  68%|██████▊   | 17/25 [06:26<03:10, 23.76s/it]
Calculating loss...:  72%|███████▏  | 18/25 [06:50<02:46, 23.83s/it]
Calculating loss...:  76%|███████▌  | 19/25 [07:18<02:30, 25.02s/it]
Calculating loss...:  80%|████████  | 20/25 [07:45<02:08, 25.67s/it]
Calculating loss...:  84%|████████▍ | 21/25 [08:10<01:42, 25.64s/it]
Calculating loss...:  88%|████████▊ | 22/25 [08:33<01:14, 24.79s/it]
Calculating loss...:  92%|█████████▏| 23/25 [09:00<00:50, 25.28s/it]
Calculating loss...:  96%|█████████▌| 24/25 [09:25<00:25, 25.17s/it]
Calculating loss...: 100%|██████████| 25/25 [09:51<00:00, 25.53s/it]
Calculating loss...: 100%|██████████| 25/25 [09:51<00:00, 23.66s/it]
Iter 25: Val loss 0.238, Val took 591.393s
Iter 25: Saved adapter weights to adapters/chem_sage_32b_v2_lora/adapters.safetensors and adapters/chem_sage_32b_v2_lora/0000025_adapters.safetensors.
Iter 30: Train loss 0.263, Learning Rate 1.160e-05, It/sec 0.021, Tokens/sec 23.752, Trained Tokens 37368, Peak mem 24.670 GB
Iter 40: Train loss 0.170, Learning Rate 1.560e-05, It/sec 0.018, Tokens/sec 23.487, Trained Tokens 50076, Peak mem 25.207 GB

Calculating loss...:   0%|          | 0/25 [00:00<?, ?it/s]
Calculating loss...:   4%|▍         | 1/25 [00:18<07:25, 18.55s/it]
Calculating loss...:   8%|▊         | 2/25 [00:38<07:27, 19.44s/it]
Calculating loss...:  12%|█▏        | 3/25 [01:01<07:46, 21.20s/it]
Calculating loss...:  16%|█▌        | 4/25 [01:22<07:16, 20.80s/it]
Calculating loss...:  20%|██        | 5/25 [01:42<06:50, 20.54s/it]
Calculating loss...:  24%|██▍       | 6/25 [02:01<06:24, 20.24s/it]
Calculating loss...:  28%|██▊       | 7/25 [02:21<05:59, 19.97s/it]
Calculating loss...:  32%|███▏      | 8/25 [02:41<05:43, 20.21s/it]
Calculating loss...:  36%|███▌      | 9/25 [03:01<05:17, 19.85s/it]
Calculating loss...:  40%|████      | 10/25 [03:17<04:40, 18.73s/it]
Calculating loss...:  44%|████▍     | 11/25 [03:36<04:23, 18.81s/it]
Calculating loss...:  48%|████▊     | 12/25 [03:57<04:15, 19.69s/it]
Calculating loss...:  52%|█████▏    | 13/25 [04:18<03:57, 19.83s/it]
Calculating loss...:  56%|█████▌    | 14/25 [04:39<03:43, 20.36s/it]
Calculating loss...:  60%|██████    | 15/25 [04:58<03:18, 19.83s/it]
Calculating loss...:  64%|██████▍   | 16/25 [05:18<02:58, 19.88s/it]
Calculating loss...:  68%|██████▊   | 17/25 [05:39<02:42, 20.34s/it]
Calculating loss...:  72%|███████▏  | 18/25 [05:59<02:21, 20.21s/it]
Calculating loss...:  76%|███████▌  | 19/25 [06:18<01:58, 19.70s/it]
Calculating loss...:  80%|████████  | 20/25 [06:35<01:34, 18.94s/it]
Calculating loss...:  84%|████████▍ | 21/25 [06:54<01:15, 18.97s/it]
Calculating loss...:  88%|████████▊ | 22/25 [07:11<00:55, 18.40s/it]
Calculating loss...:  92%|█████████▏| 23/25 [07:32<00:38, 19.29s/it]
Calculating loss...:  96%|█████████▌| 24/25 [07:51<00:19, 19.08s/it]
Calculating loss...: 100%|██████████| 25/25 [08:11<00:00, 19.37s/it]
Calculating loss...: 100%|██████████| 25/25 [08:11<00:00, 19.66s/it]
Iter 50: Val loss 0.145, Val took 491.425s
Iter 50: Train loss 0.129, Learning Rate 1.960e-05, It/sec 0.021, Tokens/sec 26.363, Trained Tokens 62529, Peak mem 25.207 GB
Iter 50: Saved adapter weights to adapters/chem_sage_32b_v2_lora/adapters.safetensors and adapters/chem_sage_32b_v2_lora/0000050_adapters.safetensors.
Iter 60: Train loss 0.181, Learning Rate 2.000e-05, It/sec 0.024, Tokens/sec 28.521, Trained Tokens 74205, Peak mem 25.207 GB
Iter 70: Train loss 0.129, Learning Rate 1.999e-05, It/sec 0.026, Tokens/sec 31.238, Trained Tokens 86412, Peak mem 25.207 GB

Calculating loss...:   0%|          | 0/25 [00:00<?, ?it/s]
Calculating loss...:   4%|▍         | 1/25 [00:22<09:00, 22.52s/it]
Calculating loss...:   8%|▊         | 2/25 [00:42<07:58, 20.79s/it]
Calculating loss...:  12%|█▏        | 3/25 [00:58<06:54, 18.83s/it]
Calculating loss...:  16%|█▌        | 4/25 [01:18<06:40, 19.06s/it]
Calculating loss...:  20%|██        | 5/25 [01:37<06:21, 19.09s/it]
Calculating loss...:  24%|██▍       | 6/25 [01:54<05:52, 18.56s/it]
Calculating loss...:  28%|██▊       | 7/25 [02:13<05:35, 18.66s/it]
Calculating loss...:  32%|███▏      | 8/25 [02:32<05:17, 18.70s/it]
Calculating loss...:  36%|███▌      | 9/25 [02:52<05:07, 19.22s/it]
Calculating loss...:  40%|████      | 10/25 [03:11<04:45, 19.01s/it]
Calculating loss...:  44%|████▍     | 11/25 [03:29<04:23, 18.83s/it]
Calculating loss...:  48%|████▊     | 12/25 [03:50<04:14, 19.56s/it]
Calculating loss...:  52%|█████▏    | 13/25 [04:07<03:45, 18.75s/it]
Calculating loss...:  56%|█████▌    | 14/25 [04:23<03:15, 17.77s/it]
Calculating loss...:  60%|██████    | 15/25 [04:35<02:42, 16.21s/it]
Calculating loss...:  64%|██████▍   | 16/25 [04:55<02:35, 17.25s/it]
Calculating loss...:  68%|██████▊   | 17/25 [05:12<02:17, 17.13s/it]
Calculating loss...:  72%|███████▏  | 18/25 [05:31<02:05, 17.87s/it]
Calculating loss...:  76%|███████▌  | 19/25 [05:48<01:45, 17.56s/it]
Calculating loss...:  80%|████████  | 20/25 [06:04<01:24, 16.92s/it]
Calculating loss...:  84%|████████▍ | 21/25 [06:23<01:10, 17.74s/it]
Calculating loss...:  88%|████████▊ | 22/25 [06:42<00:53, 17.88s/it]
Calculating loss...:  92%|█████████▏| 23/25 [07:01<00:36, 18.39s/it]
Calculating loss...:  96%|█████████▌| 24/25 [07:21<00:18, 18.80s/it]
Calculating loss...: 100%|██████████| 25/25 [07:42<00:00, 19.47s/it]
Calculating loss...: 100%|██████████| 25/25 [07:42<00:00, 18.50s/it]
Iter 75: Val loss 0.122, Val took 462.511s
Iter 75: Saved adapter weights to adapters/chem_sage_32b_v2_lora/adapters.safetensors and adapters/chem_sage_32b_v2_lora/0000075_adapters.safetensors.
Iter 80: Train loss 0.112, Learning Rate 1.998e-05, It/sec 0.024, Tokens/sec 28.877, Trained Tokens 98361, Peak mem 25.207 GB
Iter 90: Train loss 0.091, Learning Rate 1.997e-05, It/sec 0.023, Tokens/sec 26.447, Trained Tokens 109900, Peak mem 25.207 GB

Calculating loss...:   0%|          | 0/25 [00:00<?, ?it/s]
Calculating loss...:   4%|▍         | 1/25 [00:20<08:02, 20.10s/it]
Calculating loss...:   8%|▊         | 2/25 [00:43<08:24, 21.95s/it]
Calculating loss...:  12%|█▏        | 3/25 [00:57<06:41, 18.27s/it]
Calculating loss...:  16%|█▌        | 4/25 [01:18<06:51, 19.58s/it]
Calculating loss...:  20%|██        | 5/25 [01:34<06:00, 18.00s/it]
Calculating loss...:  24%|██▍       | 6/25 [01:55<06:02, 19.09s/it]
Calculating loss...:  28%|██▊       | 7/25 [02:17<06:03, 20.21s/it]
Calculating loss...:  32%|███▏      | 8/25 [02:37<05:39, 19.97s/it]
Calculating loss...:  36%|███▌      | 9/25 [02:56<05:17, 19.83s/it]
Calculating loss...:  40%|████      | 10/25 [03:17<05:01, 20.12s/it]
Calculating loss...:  44%|████▍     | 11/25 [03:33<04:24, 18.90s/it]
Calculating loss...:  48%|████▊     | 12/25 [03:49<03:54, 18.02s/it]
Calculating loss...:  52%|█████▏    | 13/25 [04:08<03:39, 18.27s/it]
Calculating loss...:  56%|█████▌    | 14/25 [04:28<03:28, 18.93s/it]
Calculating loss...:  60%|██████    | 15/25 [04:49<03:13, 19.34s/it]
Calculating loss...:  64%|██████▍   | 16/25 [05:06<02:48, 18.74s/it]
Calculating loss...:  68%|██████▊   | 17/25 [05:25<02:30, 18.77s/it]
Calculating loss...:  72%|███████▏  | 18/25 [05:38<01:59, 17.02s/it]
Calculating loss...:  76%|███████▌  | 19/25 [05:54<01:40, 16.68s/it]
Calculating loss...:  80%|████████  | 20/25 [06:16<01:31, 18.21s/it]
Calculating loss...:  84%|████████▍ | 21/25 [06:48<01:30, 22.61s/it]
Calculating loss...:  88%|████████▊ | 22/25 [07:32<01:26, 28.86s/it]
Calculating loss...:  92%|█████████▏| 23/25 [07:48<00:50, 25.01s/it]
Calculating loss...:  96%|█████████▌| 24/25 [08:02<00:21, 21.90s/it]
Calculating loss...: 100%|██████████| 25/25 [08:52<00:00, 30.28s/it]
Calculating loss...: 100%|██████████| 25/25 [08:52<00:00, 21.31s/it]
Iter 100: Val loss 0.110, Val took 532.821s
Iter 100: Train loss 0.110, Learning Rate 1.995e-05, It/sec 0.020, Tokens/sec 23.491, Trained Tokens 121831, Peak mem 25.207 GB
Iter 100: Saved adapter weights to adapters/chem_sage_32b_v2_lora/adapters.safetensors and adapters/chem_sage_32b_v2_lora/0000100_adapters.safetensors.
Loading configuration file config/train_config.yaml
Loading pretrained model

Fetching 12 files:   0%|          | 0/12 [00:00<?, ?it/s]
Fetching 12 files: 100%|██████████| 12/12 [00:00<00:00, 7020.73it/s]
Loading datasets
Training
Loading fine-tuned weights from adapters/chem_sage_32b_v2_lora/0000100_adapters.safetensors
Trainable parameters: 0.410% (134.218M/32763.876M)
Starting training..., iters: 1500

Calculating loss...:   0%|          | 0/25 [00:00<?, ?it/s]
Calculating loss...:   4%|▍         | 1/25 [00:21<08:30, 21.27s/it]
Calculating loss...:   8%|▊         | 2/25 [00:37<07:06, 18.53s/it]
Calculating loss...:  12%|█▏        | 3/25 [00:54<06:25, 17.53s/it]
Calculating loss...:  16%|█▌        | 4/25 [01:11<06:02, 17.25s/it]
Calculating loss...:  20%|██        | 5/25 [01:27<05:41, 17.07s/it]
Calculating loss...:  24%|██▍       | 6/25 [01:37<04:34, 14.47s/it]
Calculating loss...:  28%|██▊       | 7/25 [01:51<04:17, 14.32s/it]
Calculating loss...:  32%|███▏      | 8/25 [02:08<04:20, 15.34s/it]
Calculating loss...:  36%|███▌      | 9/25 [02:22<03:58, 14.91s/it]
Calculating loss...:  40%|████      | 10/25 [02:36<03:39, 14.64s/it]
Calculating loss...:  44%|████▍     | 11/25 [02:52<03:28, 14.91s/it]
Calculating loss...:  48%|████▊     | 12/25 [03:08<03:20, 15.39s/it]
Calculating loss...:  52%|█████▏    | 13/25 [03:23<03:00, 15.06s/it]
Calculating loss...:  56%|█████▌    | 14/25 [03:39<02:50, 15.53s/it]
Calculating loss...:  60%|██████    | 15/25 [03:57<02:41, 16.16s/it]
Calculating loss...:  64%|██████▍   | 16/25 [04:14<02:29, 16.62s/it]
Calculating loss...:  68%|██████▊   | 17/25 [04:27<02:03, 15.49s/it]
Calculating loss...:  72%|███████▏  | 18/25 [04:40<01:43, 14.73s/it]
Calculating loss...:  76%|███████▌  | 19/25 [04:58<01:33, 15.67s/it]
Calculating loss...:  80%|████████  | 20/25 [05:14<01:18, 15.62s/it]
Calculating loss...:  84%|████████▍ | 21/25 [05:29<01:02, 15.59s/it]
Calculating loss...:  88%|████████▊ | 22/25 [05:46<00:47, 15.93s/it]
Calculating loss...:  92%|█████████▏| 23/25 [05:55<00:27, 13.80s/it]
Calculating loss...:  96%|█████████▌| 24/25 [06:12<00:14, 14.93s/it]
Calculating loss...: 100%|██████████| 25/25 [06:25<00:00, 14.22s/it]
Calculating loss...: 100%|██████████| 25/25 [06:25<00:00, 15.41s/it]
Iter 1: Val loss 0.101, Val took 385.374s
Iter 110: Train loss 0.091, Learning Rate 3.600e-06, It/sec 0.024, Tokens/sec 30.662, Trained Tokens 12655, Peak mem 24.670 GB
Iter 120: Train loss 0.106, Learning Rate 7.600e-06, It/sec 0.024, Tokens/sec 31.789, Trained Tokens 25997, Peak mem 24.670 GB

Calculating loss...:   0%|          | 0/25 [00:00<?, ?it/s]
Calculating loss...:   4%|▍         | 1/25 [00:14<05:42, 14.25s/it]
Calculating loss...:   8%|▊         | 2/25 [00:35<06:56, 18.10s/it]
Calculating loss...:  12%|█▏        | 3/25 [00:56<07:09, 19.54s/it]
Calculating loss...:  16%|█▌        | 4/25 [01:08<05:48, 16.62s/it]
Calculating loss...:  20%|██        | 5/25 [01:28<05:57, 17.87s/it]
Calculating loss...:  24%|██▍       | 6/25 [01:43<05:22, 16.95s/it]
Calculating loss...:  28%|██▊       | 7/25 [02:06<05:38, 18.83s/it]
Calculating loss...:  32%|███▏      | 8/25 [02:26<05:25, 19.14s/it]
Calculating loss...:  36%|███▌      | 9/25 [02:46<05:09, 19.37s/it]
Calculating loss...:  40%|████      | 10/25 [03:05<04:51, 19.46s/it]
Calculating loss...:  44%|████▍     | 11/25 [03:28<04:48, 20.57s/it]
Calculating loss...:  48%|████▊     | 12/25 [03:48<04:23, 20.29s/it]
Calculating loss...:  52%|█████▏    | 13/25 [04:03<03:44, 18.72s/it]
Calculating loss...:  56%|█████▌    | 14/25 [04:21<03:23, 18.52s/it]
Calculating loss...:  60%|██████    | 15/25 [04:33<02:44, 16.46s/it]
Calculating loss...:  64%|██████▍   | 16/25 [04:57<02:48, 18.69s/it]
Calculating loss...:  68%|██████▊   | 17/25 [05:18<02:35, 19.46s/it]
Calculating loss...:  72%|███████▏  | 18/25 [05:38<02:16, 19.57s/it]
Calculating loss...:  76%|███████▌  | 19/25 [06:01<02:03, 20.54s/it]
Calculating loss...:  80%|████████  | 20/25 [06:23<01:45, 21.16s/it]
Calculating loss...:  84%|████████▍ | 21/25 [06:44<01:24, 21.20s/it]
Calculating loss...:  88%|████████▊ | 22/25 [07:03<01:01, 20.43s/it]
Calculating loss...:  92%|█████████▏| 23/25 [07:25<00:41, 20.78s/it]
Calculating loss...:  96%|█████████▌| 24/25 [07:46<00:21, 21.01s/it]
Calculating loss...: 100%|██████████| 25/25 [08:08<00:00, 21.28s/it]
Calculating loss...: 100%|██████████| 25/25 [08:08<00:00, 19.55s/it]
Iter 125: Val loss 0.116, Val took 488.642s
Iter 125: Saved adapter weights to adapters/chem_sage_32b_v2_lora/adapters.safetensors and adapters/chem_sage_32b_v2_lora/0000025_adapters.safetensors.
Iter 130: Train loss 0.106, Learning Rate 1.160e-05, It/sec 0.022, Tokens/sec 25.512, Trained Tokens 37368, Peak mem 24.670 GB
Iter 140: Train loss 0.102, Learning Rate 1.560e-05, It/sec 0.021, Tokens/sec 26.615, Trained Tokens 50076, Peak mem 25.207 GB

Calculating loss...:   0%|          | 0/25 [00:00<?, ?it/s]
Calculating loss...:   4%|▍         | 1/25 [00:17<07:09, 17.88s/it]
Calculating loss...:   8%|▊         | 2/25 [00:36<07:00, 18.30s/it]
Calculating loss...:  12%|█▏        | 3/25 [00:58<07:16, 19.83s/it]
Calculating loss...:  16%|█▌        | 4/25 [01:16<06:47, 19.41s/it]
Calculating loss...:  20%|██        | 5/25 [01:35<06:22, 19.14s/it]
Calculating loss...:  24%|██▍       | 6/25 [01:54<06:00, 18.97s/it]
Calculating loss...:  28%|██▊       | 7/25 [02:12<05:40, 18.89s/it]
Calculating loss...:  32%|███▏      | 8/25 [02:33<05:27, 19.27s/it]
Calculating loss...:  36%|███▌      | 9/25 [02:51<05:06, 19.18s/it]
Calculating loss...:  40%|████      | 10/25 [03:07<04:31, 18.11s/it]
Calculating loss...:  44%|████▍     | 11/25 [03:26<04:15, 18.22s/it]
Calculating loss...:  48%|████▊     | 12/25 [03:47<04:09, 19.20s/it]
Calculating loss...:  52%|█████▏    | 13/25 [04:07<03:53, 19.47s/it]
Calculating loss...:  56%|█████▌    | 14/25 [04:29<03:40, 20.03s/it]
Calculating loss...:  60%|██████    | 15/25 [04:47<03:15, 19.53s/it]
Calculating loss...:  64%|██████▍   | 16/25 [05:07<02:56, 19.61s/it]
Calculating loss...:  68%|██████▊   | 17/25 [05:28<02:40, 20.08s/it]
Calculating loss...:  72%|███████▏  | 18/25 [05:48<02:19, 19.98s/it]
Calculating loss...:  76%|███████▌  | 19/25 [06:06<01:56, 19.50s/it]
Calculating loss...:  80%|████████  | 20/25 [06:23<01:33, 18.70s/it]
Calculating loss...:  84%|████████▍ | 21/25 [06:41<01:14, 18.58s/it]
Calculating loss...:  88%|████████▊ | 22/25 [06:58<00:54, 18.08s/it]
Calculating loss...:  92%|█████████▏| 23/25 [07:19<00:37, 18.96s/it]
Calculating loss...:  96%|█████████▌| 24/25 [07:37<00:18, 18.74s/it]
Calculating loss...: 100%|██████████| 25/25 [07:57<00:00, 19.00s/it]
Calculating loss...: 100%|██████████| 25/25 [07:57<00:00, 19.09s/it]
Iter 150: Val loss 0.141, Val took 477.366s
Iter 150: Train loss 0.101, Learning Rate 1.960e-05, It/sec 0.021, Tokens/sec 26.205, Trained Tokens 62529, Peak mem 25.207 GB
Iter 150: Saved adapter weights to adapters/chem_sage_32b_v2_lora/adapters.safetensors and adapters/chem_sage_32b_v2_lora/0000050_adapters.safetensors.
Iter 160: Train loss 0.161, Learning Rate 2.000e-05, It/sec 0.024, Tokens/sec 27.857, Trained Tokens 74205, Peak mem 25.207 GB
Iter 170: Train loss 0.106, Learning Rate 1.999e-05, It/sec 0.025, Tokens/sec 30.594, Trained Tokens 86412, Peak mem 25.207 GB

Calculating loss...:   0%|          | 0/25 [00:00<?, ?it/s]
Calculating loss...:   4%|▍         | 1/25 [00:23<09:14, 23.11s/it]
Calculating loss...:   8%|▊         | 2/25 [00:43<08:09, 21.26s/it]
Calculating loss...:  12%|█▏        | 3/25 [00:59<07:03, 19.25s/it]
Calculating loss...:  16%|█▌        | 4/25 [01:19<06:49, 19.49s/it]
Calculating loss...:  20%|██        | 5/25 [01:39<06:31, 19.57s/it]
Calculating loss...:  24%|██▍       | 6/25 [01:57<06:02, 19.06s/it]
Calculating loss...:  28%|██▊       | 7/25 [02:17<05:45, 19.18s/it]
Calculating loss...:  32%|███▏      | 8/25 [02:36<05:26, 19.18s/it]
Calculating loss...:  36%|███▌      | 9/25 [02:56<05:13, 19.59s/it]
Calculating loss...:  40%|████      | 10/25 [03:15<04:50, 19.38s/it]
Calculating loss...:  44%|████▍     | 11/25 [03:34<04:29, 19.22s/it]
Calculating loss...:  48%|████▊     | 12/25 [03:56<04:20, 20.01s/it]
Calculating loss...:  52%|█████▏    | 13/25 [04:13<03:50, 19.20s/it]
Calculating loss...:  56%|█████▌    | 14/25 [04:29<03:20, 18.22s/it]
Calculating loss...:  60%|██████    | 15/25 [04:42<02:46, 16.63s/it]
Calculating loss...:  64%|██████▍   | 16/25 [05:02<02:39, 17.72s/it]
Calculating loss...:  68%|██████▊   | 17/25 [05:20<02:20, 17.60s/it]
Calculating loss...:  72%|███████▏  | 18/25 [05:40<02:08, 18.37s/it]
Calculating loss...:  76%|███████▌  | 19/25 [05:57<01:48, 18.03s/it]
Calculating loss...:  80%|████████  | 20/25 [06:13<01:26, 17.35s/it]
Calculating loss...:  84%|████████▍ | 21/25 [06:33<01:12, 18.21s/it]
Calculating loss...:  88%|████████▊ | 22/25 [06:52<00:55, 18.35s/it]
Calculating loss...:  92%|█████████▏| 23/25 [07:12<00:37, 18.89s/it]
Calculating loss...:  96%|█████████▌| 24/25 [07:32<00:19, 19.27s/it]
Calculating loss...: 100%|██████████| 25/25 [07:54<00:00, 19.98s/it]
Calculating loss...: 100%|██████████| 25/25 [07:54<00:00, 18.96s/it]
Iter 175: Val loss 0.134, Val took 474.074s
Iter 175: Saved adapter weights to adapters/chem_sage_32b_v2_lora/adapters.safetensors and adapters/chem_sage_32b_v2_lora/0000075_adapters.safetensors.
Iter 180: Train loss 0.104, Learning Rate 1.998e-05, It/sec 0.024, Tokens/sec 28.314, Trained Tokens 98361, Peak mem 25.207 GB
Iter 190: Train loss 0.084, Learning Rate 1.997e-05, It/sec 0.023, Tokens/sec 26.139, Trained Tokens 109900, Peak mem 25.207 GB

Calculating loss...:   0%|          | 0/25 [00:00<?, ?it/s]
Calculating loss...:   4%|▍         | 1/25 [00:21<08:42, 21.75s/it]
Calculating loss...:   8%|▊         | 2/25 [00:47<09:14, 24.09s/it]
Calculating loss...:  12%|█▏        | 3/25 [01:02<07:18, 19.94s/it]
Calculating loss...:  16%|█▌        | 4/25 [01:26<07:28, 21.37s/it]
Calculating loss...:  20%|██        | 5/25 [01:42<06:33, 19.65s/it]
Calculating loss...:  24%|██▍       | 6/25 [02:05<06:35, 20.84s/it]
Calculating loss...:  28%|██▊       | 7/25 [02:29<06:34, 21.93s/it]
Calculating loss...:  32%|███▏      | 8/25 [02:49<06:01, 21.25s/it]
Calculating loss...:  36%|███▌      | 9/25 [03:09<05:32, 20.75s/it]
Calculating loss...:  40%|████      | 10/25 [03:30<05:11, 20.77s/it]
Calculating loss...:  44%|████▍     | 11/25 [03:46<04:31, 19.37s/it]
Calculating loss...:  48%|████▊     | 12/25 [04:02<03:59, 18.39s/it]
Calculating loss...:  52%|█████▏    | 13/25 [04:21<03:42, 18.57s/it]
Calculating loss...:  56%|█████▌    | 14/25 [04:41<03:30, 19.10s/it]
Calculating loss...:  60%|██████    | 15/25 [05:02<03:15, 19.58s/it]
Calculating loss...:  64%|██████▍   | 16/25 [05:20<02:51, 19.04s/it]
Calculating loss...:  68%|██████▊   | 17/25 [05:39<02:33, 19.20s/it]
Calculating loss...:  72%|███████▏  | 18/25 [05:53<02:02, 17.46s/it]
Calculating loss...:  76%|███████▌  | 19/25 [06:09<01:41, 16.98s/it]
Calculating loss...:  80%|████████  | 20/25 [06:30<01:31, 18.37s/it]
Calculating loss...:  84%|████████▍ | 21/25 [06:49<01:13, 18.47s/it]
Calculating loss...:  88%|████████▊ | 22/25 [07:09<00:56, 18.99s/it]
Calculating loss...:  92%|█████████▏| 23/25 [07:26<00:36, 18.47s/it]
Calculating loss...:  96%|█████████▌| 24/25 [07:42<00:17, 17.67s/it]
Calculating loss...: 100%|██████████| 25/25 [07:59<00:00, 17.52s/it]
Calculating loss...: 100%|██████████| 25/25 [07:59<00:00, 19.20s/it]
Iter 200: Val loss 0.116, Val took 479.967s
Iter 200: Train loss 0.106, Learning Rate 1.995e-05, It/sec 0.022, Tokens/sec 26.601, Trained Tokens 121831, Peak mem 25.207 GB
Iter 200: Saved adapter weights to adapters/chem_sage_32b_v2_lora/adapters.safetensors and adapters/chem_sage_32b_v2_lora/0000100_adapters.safetensors.
Iter 210: Train loss 0.098, Learning Rate 1.993e-05, It/sec 0.025, Tokens/sec 29.075, Trained Tokens 133434, Peak mem 25.207 GB
Iter 220: Train loss 0.127, Learning Rate 1.990e-05, It/sec 0.023, Tokens/sec 27.274, Trained Tokens 145522, Peak mem 25.207 GB

Calculating loss...:   0%|          | 0/25 [00:00<?, ?it/s]
Calculating loss...:   4%|▍         | 1/25 [00:16<06:31, 16.31s/it]
Calculating loss...:   8%|▊         | 2/25 [00:36<07:12, 18.78s/it]
Calculating loss...:  12%|█▏        | 3/25 [00:52<06:22, 17.38s/it]
Calculating loss...:  16%|█▌        | 4/25 [01:12<06:29, 18.55s/it]
Calculating loss...:  20%|██        | 5/25 [01:33<06:22, 19.14s/it]
Calculating loss...:  24%|██▍       | 6/25 [01:49<05:48, 18.37s/it]
Calculating loss...:  28%|██▊       | 7/25 [02:10<05:46, 19.24s/it]
Calculating loss...:  32%|███▏      | 8/25 [02:28<05:19, 18.78s/it]
Calculating loss...:  36%|███▌      | 9/25 [02:49<05:09, 19.35s/it]
Calculating loss...:  40%|████      | 10/25 [03:11<05:01, 20.08s/it]
Calculating loss...:  44%|████▍     | 11/25 [03:28<04:29, 19.22s/it]
Calculating loss...:  48%|████▊     | 12/25 [03:46<04:07, 19.04s/it]
Calculating loss...:  52%|█████▏    | 13/25 [04:07<03:52, 19.34s/it]
Calculating loss...:  56%|█████▌    | 14/25 [04:24<03:25, 18.67s/it]
Calculating loss...:  60%|██████    | 15/25 [04:44<03:10, 19.10s/it]
Calculating loss...:  64%|██████▍   | 16/25 [04:56<02:32, 16.92s/it]
Calculating loss...:  68%|██████▊   | 17/25 [05:14<02:20, 17.50s/it]
Calculating loss...:  72%|███████▏  | 18/25 [05:33<02:05, 17.96s/it]
Calculating loss...:  76%|███████▌  | 19/25 [05:50<01:44, 17.39s/it]
Calculating loss...:  80%|████████  | 20/25 [06:08<01:28, 17.74s/it]
Calculating loss...:  84%|████████▍ | 21/25 [06:27<01:12, 18.03s/it]
Calculating loss...:  88%|████████▊ | 22/25 [06:47<00:55, 18.67s/it]
Calculating loss...:  92%|█████████▏| 23/25 [07:04<00:36, 18.24s/it]
Calculating loss...:  96%|█████████▌| 24/25 [07:24<00:18, 18.81s/it]
Calculating loss...: 100%|██████████| 25/25 [07:43<00:00, 18.76s/it]
Calculating loss...: 100%|██████████| 25/25 [07:43<00:00, 18.54s/it]
Iter 225: Val loss 0.090, Val took 463.465s
Iter 225: Saved adapter weights to adapters/chem_sage_32b_v2_lora/adapters.safetensors and adapters/chem_sage_32b_v2_lora/0000125_adapters.safetensors.
Iter 230: Train loss 0.091, Learning Rate 1.987e-05, It/sec 0.025, Tokens/sec 27.386, Trained Tokens 156358, Peak mem 25.207 GB
Iter 240: Train loss 0.093, Learning Rate 1.983e-05, It/sec 0.022, Tokens/sec 27.423, Trained Tokens 168902, Peak mem 25.207 GB

Calculating loss...:   0%|          | 0/25 [00:00<?, ?it/s]
Calculating loss...:   4%|▍         | 1/25 [00:10<04:17, 10.74s/it]
Calculating loss...:   8%|▊         | 2/25 [00:30<06:08, 16.03s/it]
Calculating loss...:  12%|█▏        | 3/25 [00:50<06:31, 17.79s/it]
Calculating loss...:  16%|█▌        | 4/25 [01:11<06:42, 19.17s/it]
Calculating loss...:  20%|██        | 5/25 [01:32<06:37, 19.87s/it]
Calculating loss...:  24%|██▍       | 6/25 [01:50<06:04, 19.19s/it]
Calculating loss...:  28%|██▊       | 7/25 [02:12<06:03, 20.21s/it]
Calculating loss...:  32%|███▏      | 8/25 [02:32<05:41, 20.07s/it]
Calculating loss...:  36%|███▌      | 9/25 [02:53<05:25, 20.37s/it]
Calculating loss...:  40%|████      | 10/25 [03:11<04:54, 19.61s/it]
Calculating loss...:  44%|████▍     | 11/25 [03:29<04:25, 18.95s/it]
Calculating loss...:  48%|████▊     | 12/25 [03:45<03:54, 18.02s/it]
Calculating loss...:  52%|█████▏    | 13/25 [04:02<03:33, 17.80s/it]
Calculating loss...:  56%|█████▌    | 14/25 [04:23<03:28, 18.94s/it]
Calculating loss...:  60%|██████    | 15/25 [04:43<03:12, 19.27s/it]
Calculating loss...:  64%|██████▍   | 16/25 [04:56<02:36, 17.37s/it]
Calculating loss...:  68%|██████▊   | 17/25 [05:18<02:29, 18.64s/it]
Calculating loss...:  72%|███████▏  | 18/25 [05:34<02:04, 17.75s/it]
Calculating loss...:  76%|███████▌  | 19/25 [05:49<01:42, 17.13s/it]
Calculating loss...:  80%|████████  | 20/25 [06:06<01:25, 17.12s/it]
Calculating loss...:  84%|████████▍ | 21/25 [06:28<01:13, 18.39s/it]
Calculating loss...:  88%|████████▊ | 22/25 [06:48<00:56, 18.87s/it]
Calculating loss...:  92%|█████████▏| 23/25 [07:05<00:36, 18.33s/it]
Calculating loss...:  96%|█████████▌| 24/25 [07:25<00:18, 18.82s/it]
Calculating loss...: 100%|██████████| 25/25 [07:45<00:00, 19.26s/it]
Calculating loss...: 100%|██████████| 25/25 [07:45<00:00, 18.62s/it]
Iter 250: Val loss 0.087, Val took 465.572s
Iter 250: Train loss 0.107, Learning Rate 1.979e-05, It/sec 0.023, Tokens/sec 27.536, Trained Tokens 180798, Peak mem 25.207 GB
Iter 250: Saved adapter weights to adapters/chem_sage_32b_v2_lora/adapters.safetensors and adapters/chem_sage_32b_v2_lora/0000150_adapters.safetensors.
Iter 260: Train loss 0.080, Learning Rate 1.975e-05, It/sec 0.023, Tokens/sec 26.943, Trained Tokens 192298, Peak mem 25.207 GB
Iter 270: Train loss 0.072, Learning Rate 1.970e-05, It/sec 0.023, Tokens/sec 27.520, Trained Tokens 204175, Peak mem 25.207 GB

Calculating loss...:   0%|          | 0/25 [00:00<?, ?it/s]
Calculating loss...:   4%|▍         | 1/25 [00:19<07:47, 19.48s/it]
Calculating loss...:   8%|▊         | 2/25 [00:40<07:49, 20.41s/it]
Calculating loss...:  12%|█▏        | 3/25 [01:03<07:53, 21.50s/it]
Calculating loss...:  16%|█▌        | 4/25 [01:20<06:51, 19.59s/it]
Calculating loss...:  20%|██        | 5/25 [01:42<06:54, 20.70s/it]
Calculating loss...:  24%|██▍       | 6/25 [02:00<06:15, 19.76s/it]
Calculating loss...:  28%|██▊       | 7/25 [02:19<05:52, 19.60s/it]
Calculating loss...:  32%|███▏      | 8/25 [02:41<05:46, 20.39s/it]
Calculating loss...:  36%|███▌      | 9/25 [03:00<05:18, 19.92s/it]
Calculating loss...:  40%|████      | 10/25 [03:18<04:46, 19.12s/it]
Calculating loss...:  44%|████▍     | 11/25 [03:34<04:13, 18.12s/it]
Calculating loss...:  48%|████▊     | 12/25 [03:58<04:18, 19.91s/it]
Calculating loss...:  52%|█████▏    | 13/25 [04:18<04:01, 20.12s/it]
Calculating loss...:  56%|█████▌    | 14/25 [04:36<03:33, 19.37s/it]
Calculating loss...:  60%|██████    | 15/25 [04:52<03:03, 18.39s/it]
Calculating loss...:  64%|██████▍   | 16/25 [05:10<02:46, 18.45s/it]
Calculating loss...:  68%|██████▊   | 17/25 [05:29<02:28, 18.50s/it]
Calculating loss...:  72%|███████▏  | 18/25 [05:49<02:12, 18.99s/it]
Calculating loss...:  76%|███████▌  | 19/25 [06:06<01:50, 18.45s/it]
Calculating loss...:  80%|████████  | 20/25 [06:26<01:34, 18.94s/it]
Calculating loss...:  84%|████████▍ | 21/25 [06:41<01:10, 17.54s/it]
Calculating loss...:  88%|████████▊ | 22/25 [06:54<00:48, 16.16s/it]
Calculating loss...:  92%|█████████▏| 23/25 [07:11<00:32, 16.45s/it]
Calculating loss...:  96%|█████████▌| 24/25 [07:27<00:16, 16.24s/it]
Calculating loss...: 100%|██████████| 25/25 [07:41<00:00, 15.63s/it]
Calculating loss...: 100%|██████████| 25/25 [07:41<00:00, 18.45s/it]
Iter 275: Val loss 0.080, Val took 461.348s
Iter 275: Saved adapter weights to adapters/chem_sage_32b_v2_lora/adapters.safetensors and adapters/chem_sage_32b_v2_lora/0000175_adapters.safetensors.
Iter 280: Train loss 0.086, Learning Rate 1.964e-05, It/sec 0.025, Tokens/sec 28.518, Trained Tokens 215600, Peak mem 25.207 GB
Iter 290: Train loss 0.073, Learning Rate 1.959e-05, It/sec 0.025, Tokens/sec 27.752, Trained Tokens 226724, Peak mem 25.207 GB

Calculating loss...:   0%|          | 0/25 [00:00<?, ?it/s]
Calculating loss...:   4%|▍         | 1/25 [00:20<08:00, 20.04s/it]
Calculating loss...:   8%|▊         | 2/25 [00:41<08:00, 20.90s/it]
Calculating loss...:  12%|█▏        | 3/25 [01:01<07:25, 20.26s/it]
Calculating loss...:  16%|█▌        | 4/25 [01:21<07:11, 20.53s/it]
Calculating loss...:  20%|██        | 5/25 [01:41<06:42, 20.11s/it]
Calculating loss...:  24%|██▍       | 6/25 [02:00<06:15, 19.79s/it]
Calculating loss...:  28%|██▊       | 7/25 [02:20<06:00, 20.01s/it]
Calculating loss...:  32%|███▏      | 8/25 [02:41<05:41, 20.10s/it]
Calculating loss...:  36%|███▌      | 9/25 [03:01<05:21, 20.11s/it]
Calculating loss...:  40%|████      | 10/25 [03:22<05:08, 20.54s/it]
Calculating loss...:  44%|████▍     | 11/25 [03:40<04:32, 19.49s/it]
Calculating loss...:  48%|████▊     | 12/25 [04:01<04:20, 20.06s/it]
Calculating loss...:  52%|█████▏    | 13/25 [04:19<03:55, 19.61s/it]
Calculating loss...:  56%|█████▌    | 14/25 [04:34<03:17, 17.98s/it]
Calculating loss...:  60%|██████    | 15/25 [04:46<02:44, 16.42s/it]
Calculating loss...:  64%|██████▍   | 16/25 [05:00<02:19, 15.47s/it]
Calculating loss...:  68%|██████▊   | 17/25 [05:16<02:05, 15.67s/it]
Calculating loss...:  72%|███████▏  | 18/25 [05:33<01:53, 16.22s/it]
Calculating loss...:  76%|███████▌  | 19/25 [05:54<01:45, 17.55s/it]
Calculating loss...:  80%|████████  | 20/25 [06:13<01:29, 17.89s/it]
Calculating loss...:  84%|████████▍ | 21/25 [06:33<01:14, 18.54s/it]
Calculating loss...:  88%|████████▊ | 22/25 [06:51<00:55, 18.60s/it]
Calculating loss...:  92%|█████████▏| 23/25 [07:10<00:37, 18.62s/it]
Calculating loss...:  96%|█████████▌| 24/25 [07:30<00:19, 19.04s/it]
Calculating loss...: 100%|██████████| 25/25 [07:50<00:00, 19.34s/it]
Calculating loss...: 100%|██████████| 25/25 [07:50<00:00, 18.83s/it]
Iter 300: Val loss 0.076, Val took 470.706s
Iter 300: Train loss 0.090, Learning Rate 1.952e-05, It/sec 0.023, Tokens/sec 26.648, Trained Tokens 238146, Peak mem 25.207 GB
Iter 300: Saved adapter weights to adapters/chem_sage_32b_v2_lora/adapters.safetensors and adapters/chem_sage_32b_v2_lora/0000200_adapters.safetensors.
Iter 310: Train loss 0.080, Learning Rate 1.946e-05, It/sec 0.024, Tokens/sec 29.305, Trained Tokens 250358, Peak mem 25.207 GB
Iter 320: Train loss 0.073, Learning Rate 1.939e-05, It/sec 0.022, Tokens/sec 26.957, Trained Tokens 262339, Peak mem 25.207 GB

Calculating loss...:   0%|          | 0/25 [00:00<?, ?it/s]
Calculating loss...:   4%|▍         | 1/25 [00:22<08:50, 22.09s/it]
Calculating loss...:   8%|▊         | 2/25 [00:41<07:47, 20.31s/it]
Calculating loss...:  12%|█▏        | 3/25 [01:01<07:30, 20.47s/it]
Calculating loss...:  16%|█▌        | 4/25 [01:23<07:22, 21.07s/it]
Calculating loss...:  20%|██        | 5/25 [01:42<06:43, 20.18s/it]
Calculating loss...:  24%|██▍       | 6/25 [02:03<06:32, 20.64s/it]
Calculating loss...:  28%|██▊       | 7/25 [02:24<06:13, 20.76s/it]
Calculating loss...:  32%|███▏      | 8/25 [02:41<05:30, 19.45s/it]
Calculating loss...:  36%|███▌      | 9/25 [02:58<04:57, 18.57s/it]
Calculating loss...:  40%|████      | 10/25 [03:19<04:49, 19.31s/it]
Calculating loss...:  44%|████▍     | 11/25 [03:40<04:36, 19.78s/it]
Calculating loss...:  48%|████▊     | 12/25 [04:00<04:20, 20.02s/it]
Calculating loss...:  52%|█████▏    | 13/25 [04:17<03:50, 19.22s/it]
Calculating loss...:  56%|█████▌    | 14/25 [04:35<03:26, 18.77s/it]
Calculating loss...:  60%|██████    | 15/25 [04:51<02:59, 17.95s/it]
Calculating loss...:  64%|██████▍   | 16/25 [05:13<02:52, 19.15s/it]
Calculating loss...:  68%|██████▊   | 17/25 [05:34<02:36, 19.52s/it]
Calculating loss...:  72%|███████▏  | 18/25 [05:51<02:11, 18.84s/it]
Calculating loss...:  76%|███████▌  | 19/25 [06:10<01:53, 18.92s/it]
Calculating loss...:  80%|████████  | 20/25 [06:32<01:39, 19.89s/it]
Calculating loss...:  84%|████████▍ | 21/25 [06:51<01:18, 19.68s/it]
Calculating loss...:  88%|████████▊ | 22/25 [07:11<00:58, 19.60s/it]
Calculating loss...:  92%|█████████▏| 23/25 [07:24<00:35, 17.75s/it]
Calculating loss...:  96%|█████████▌| 24/25 [07:43<00:18, 18.18s/it]
Calculating loss...: 100%|██████████| 25/25 [08:00<00:00, 17.62s/it]
Calculating loss...: 100%|██████████| 25/25 [08:00<00:00, 19.21s/it]
Iter 325: Val loss 0.079, Val took 480.147s
Iter 325: Saved adapter weights to adapters/chem_sage_32b_v2_lora/adapters.safetensors and adapters/chem_sage_32b_v2_lora/0000225_adapters.safetensors.
Iter 330: Train loss 0.080, Learning Rate 1.931e-05, It/sec 0.023, Tokens/sec 26.531, Trained Tokens 273924, Peak mem 25.207 GB
Iter 340: Train loss 0.050, Learning Rate 1.923e-05, It/sec 0.021, Tokens/sec 26.521, Trained Tokens 286554, Peak mem 25.207 GB

Calculating loss...:   0%|          | 0/25 [00:00<?, ?it/s]
Calculating loss...:   4%|▍         | 1/25 [00:19<07:49, 19.54s/it]
Calculating loss...:   8%|▊         | 2/25 [00:43<08:32, 22.28s/it]
Calculating loss...:  12%|█▏        | 3/25 [01:03<07:40, 20.95s/it]
Calculating loss...:  16%|█▌        | 4/25 [01:27<07:45, 22.18s/it]
Calculating loss...:  20%|██        | 5/25 [01:49<07:23, 22.15s/it]
Calculating loss...:  24%|██▍       | 6/25 [02:09<06:49, 21.53s/it]
Calculating loss...:  28%|██▊       | 7/25 [02:30<06:24, 21.38s/it]
Calculating loss...:  32%|███▏      | 8/25 [02:43<05:19, 18.81s/it]
Calculating loss...:  36%|███▌      | 9/25 [03:06<05:17, 19.87s/it]
Calculating loss...:  40%|████      | 10/25 [03:23<04:47, 19.16s/it]
Calculating loss...:  44%|████▍     | 11/25 [03:44<04:33, 19.53s/it]
Calculating loss...:  48%|████▊     | 12/25 [04:01<04:06, 18.96s/it]
Calculating loss...:  52%|█████▏    | 13/25 [04:21<03:48, 19.08s/it]
Calculating loss...:  56%|█████▌    | 14/25 [04:41<03:35, 19.56s/it]
Calculating loss...:  60%|██████    | 15/25 [05:01<03:16, 19.60s/it]
Calculating loss...:  64%|██████▍   | 16/25 [05:17<02:46, 18.55s/it]
Calculating loss...:  68%|██████▊   | 17/25 [05:38<02:33, 19.18s/it]
Calculating loss...:  72%|███████▏  | 18/25 [05:57<02:13, 19.13s/it]
Calculating loss...:  76%|███████▌  | 19/25 [06:14<01:51, 18.55s/it]
Calculating loss...:  80%|████████  | 20/25 [06:37<01:39, 19.95s/it]
Calculating loss...:  84%|████████▍ | 21/25 [06:55<01:17, 19.26s/it]
Calculating loss...:  88%|████████▊ | 22/25 [07:12<00:56, 18.75s/it]
Calculating loss...:  92%|█████████▏| 23/25 [07:30<00:36, 18.42s/it]
Calculating loss...:  96%|█████████▌| 24/25 [07:50<00:18, 18.93s/it]
Calculating loss...: 100%|██████████| 25/25 [08:07<00:00, 18.39s/it]
Calculating loss...: 100%|██████████| 25/25 [08:07<00:00, 19.51s/it]
Iter 350: Val loss 0.070, Val took 487.648s
Iter 350: Train loss 0.081, Learning Rate 1.915e-05, It/sec 0.023, Tokens/sec 27.446, Trained Tokens 298722, Peak mem 25.207 GB
Iter 350: Saved adapter weights to adapters/chem_sage_32b_v2_lora/adapters.safetensors and adapters/chem_sage_32b_v2_lora/0000250_adapters.safetensors.
Iter 360: Train loss 0.074, Learning Rate 1.907e-05, It/sec 0.024, Tokens/sec 28.296, Trained Tokens 310556, Peak mem 25.207 GB
Iter 370: Train loss 0.062, Learning Rate 1.898e-05, It/sec 0.023, Tokens/sec 26.828, Trained Tokens 322075, Peak mem 25.207 GB

Calculating loss...:   0%|          | 0/25 [00:00<?, ?it/s]
Calculating loss...:   4%|▍         | 1/25 [00:20<08:08, 20.36s/it]
Calculating loss...:   8%|▊         | 2/25 [00:40<07:40, 20.02s/it]
Calculating loss...:  12%|█▏        | 3/25 [00:58<07:02, 19.21s/it]
Calculating loss...:  16%|█▌        | 4/25 [01:13<06:09, 17.59s/it]
Calculating loss...:  20%|██        | 5/25 [01:33<06:06, 18.31s/it]
Calculating loss...:  24%|██▍       | 6/25 [01:55<06:14, 19.70s/it]
Calculating loss...:  28%|██▊       | 7/25 [02:16<06:00, 20.02s/it]
Calculating loss...:  32%|███▏      | 8/25 [02:36<05:42, 20.17s/it]
Calculating loss...:  36%|███▌      | 9/25 [02:58<05:30, 20.66s/it]
Calculating loss...:  40%|████      | 10/25 [03:18<05:07, 20.50s/it]
Calculating loss...:  44%|████▍     | 11/25 [03:37<04:39, 19.94s/it]
Calculating loss...:  48%|████▊     | 12/25 [03:55<04:13, 19.49s/it]
Calculating loss...:  52%|█████▏    | 13/25 [04:14<03:50, 19.18s/it]
Calculating loss...:  56%|█████▌    | 14/25 [04:34<03:33, 19.42s/it]
Calculating loss...:  60%|██████    | 15/25 [04:54<03:16, 19.64s/it]
Calculating loss...:  64%|██████▍   | 16/25 [05:04<02:30, 16.74s/it]
Calculating loss...:  68%|██████▊   | 17/25 [05:21<02:14, 16.85s/it]
Calculating loss...:  72%|███████▏  | 18/25 [05:37<01:55, 16.55s/it]
Calculating loss...:  76%|███████▌  | 19/25 [05:53<01:37, 16.33s/it]
Calculating loss...:  80%|████████  | 20/25 [06:07<01:18, 15.71s/it]
Calculating loss...:  84%|████████▍ | 21/25 [06:20<00:59, 14.84s/it]
Calculating loss...:  88%|████████▊ | 22/25 [06:40<00:49, 16.42s/it]
Calculating loss...:  92%|█████████▏| 23/25 [06:57<00:33, 16.64s/it]
Calculating loss...:  96%|█████████▌| 24/25 [07:11<00:15, 15.95s/it]
Calculating loss...: 100%|██████████| 25/25 [07:30<00:00, 16.74s/it]
Calculating loss...: 100%|██████████| 25/25 [07:30<00:00, 18.01s/it]
Iter 375: Val loss 0.082, Val took 450.278s
Iter 375: Saved adapter weights to adapters/chem_sage_32b_v2_lora/adapters.safetensors and adapters/chem_sage_32b_v2_lora/0000275_adapters.safetensors.
Iter 380: Train loss 0.061, Learning Rate 1.888e-05, It/sec 0.023, Tokens/sec 28.765, Trained Tokens 334456, Peak mem 25.207 GB
Iter 390: Train loss 0.052, Learning Rate 1.878e-05, It/sec 0.022, Tokens/sec 27.475, Trained Tokens 347147, Peak mem 25.207 GB

Calculating loss...:   0%|          | 0/25 [00:00<?, ?it/s]
Calculating loss...:   4%|▍         | 1/25 [00:19<07:44, 19.37s/it]
Calculating loss...:   8%|▊         | 2/25 [00:40<07:46, 20.26s/it]
Calculating loss...:  12%|█▏        | 3/25 [01:04<08:04, 22.03s/it]
Calculating loss...:  16%|█▌        | 4/25 [01:25<07:32, 21.54s/it]
Calculating loss...:  20%|██        | 5/25 [01:44<06:51, 20.59s/it]
Calculating loss...:  24%|██▍       | 6/25 [02:04<06:28, 20.46s/it]
Calculating loss...:  28%|██▊       | 7/25 [02:19<05:38, 18.79s/it]
Calculating loss...:  32%|███▏      | 8/25 [02:38<05:17, 18.66s/it]
Calculating loss...:  36%|███▌      | 9/25 [02:53<04:41, 17.60s/it]
Calculating loss...:  40%|████      | 10/25 [03:12<04:33, 18.22s/it]
Calculating loss...:  44%|████▍     | 11/25 [03:33<04:27, 19.08s/it]
Calculating loss...:  48%|████▊     | 12/25 [03:54<04:15, 19.62s/it]
Calculating loss...:  52%|█████▏    | 13/25 [04:17<04:05, 20.42s/it]
Calculating loss...:  56%|█████▌    | 14/25 [04:39<03:51, 21.08s/it]
Calculating loss...:  60%|██████    | 15/25 [04:57<03:20, 20.08s/it]
Calculating loss...:  64%|██████▍   | 16/25 [05:13<02:50, 18.95s/it]
Calculating loss...:  68%|██████▊   | 17/25 [05:27<02:18, 17.27s/it]
Calculating loss...:  72%|███████▏  | 18/25 [05:43<01:59, 17.04s/it]
Calculating loss...:  76%|███████▌  | 19/25 [06:04<01:49, 18.20s/it]
Calculating loss...:  80%|████████  | 20/25 [06:20<01:28, 17.65s/it]
Calculating loss...:  84%|████████▍ | 21/25 [06:41<01:14, 18.59s/it]
Calculating loss...:  88%|████████▊ | 22/25 [07:02<00:57, 19.27s/it]
Calculating loss...:  92%|█████████▏| 23/25 [07:21<00:38, 19.29s/it]
Calculating loss...:  96%|█████████▌| 24/25 [07:42<00:19, 19.71s/it]
Calculating loss...: 100%|██████████| 25/25 [07:58<00:00, 18.67s/it]
Calculating loss...: 100%|██████████| 25/25 [07:58<00:00, 19.15s/it]
Iter 400: Val loss 0.077, Val took 478.774s
Iter 400: Train loss 0.066, Learning Rate 1.868e-05, It/sec 0.025, Tokens/sec 26.826, Trained Tokens 357934, Peak mem 25.207 GB
Iter 400: Saved adapter weights to adapters/chem_sage_32b_v2_lora/adapters.safetensors and adapters/chem_sage_32b_v2_lora/0000300_adapters.safetensors.
Iter 410: Train loss 0.084, Learning Rate 1.858e-05, It/sec 0.023, Tokens/sec 26.976, Trained Tokens 369558, Peak mem 25.207 GB
Iter 420: Train loss 0.070, Learning Rate 1.847e-05, It/sec 0.022, Tokens/sec 25.795, Trained Tokens 381048, Peak mem 25.207 GB

Calculating loss...:   0%|          | 0/25 [00:00<?, ?it/s]
Calculating loss...:   4%|▍         | 1/25 [00:22<08:52, 22.19s/it]
Calculating loss...:   8%|▊         | 2/25 [00:42<08:07, 21.20s/it]
Calculating loss...:  12%|█▏        | 3/25 [01:04<07:53, 21.52s/it]
Calculating loss...:  16%|█▌        | 4/25 [01:21<06:56, 19.82s/it]
Calculating loss...:  20%|██        | 5/25 [01:43<06:49, 20.46s/it]
Calculating loss...:  24%|██▍       | 6/25 [02:06<06:44, 21.28s/it]
Calculating loss...:  28%|██▊       | 7/25 [02:24<06:04, 20.26s/it]
Calculating loss...:  32%|███▏      | 8/25 [02:40<05:23, 19.03s/it]
Calculating loss...:  36%|███▌      | 9/25 [03:01<05:13, 19.59s/it]
Calculating loss...:  40%|████      | 10/25 [03:23<05:06, 20.41s/it]
Calculating loss...:  44%|████▍     | 11/25 [03:38<04:21, 18.69s/it]
Calculating loss...:  48%|████▊     | 12/25 [03:58<04:05, 18.88s/it]
Calculating loss...:  52%|█████▏    | 13/25 [04:12<03:31, 17.61s/it]
Calculating loss...:  56%|█████▌    | 14/25 [04:31<03:18, 18.07s/it]
Calculating loss...:  60%|██████    | 15/25 [04:49<02:59, 17.92s/it]
Calculating loss...:  64%|██████▍   | 16/25 [05:03<02:32, 16.92s/it]
Calculating loss...:  68%|██████▊   | 17/25 [05:21<02:16, 17.11s/it]
Calculating loss...:  72%|███████▏  | 18/25 [05:40<02:03, 17.67s/it]
Calculating loss...:  76%|███████▌  | 19/25 [06:00<01:50, 18.49s/it]
Calculating loss...:  80%|████████  | 20/25 [06:20<01:33, 18.68s/it]
Calculating loss...:  84%|████████▍ | 21/25 [06:33<01:08, 17.04s/it]
Calculating loss...:  88%|████████▊ | 22/25 [06:55<00:55, 18.56s/it]
Calculating loss...:  92%|█████████▏| 23/25 [07:15<00:38, 19.14s/it]
Calculating loss...:  96%|█████████▌| 24/25 [07:27<00:16, 16.94s/it]
Calculating loss...: 100%|██████████| 25/25 [07:44<00:00, 16.76s/it]
Calculating loss...: 100%|██████████| 25/25 [07:44<00:00, 18.56s/it]
Iter 425: Val loss 0.074, Val took 464.030s
Iter 425: Saved adapter weights to adapters/chem_sage_32b_v2_lora/adapters.safetensors and adapters/chem_sage_32b_v2_lora/0000325_adapters.safetensors.
Iter 430: Train loss 0.076, Learning Rate 1.835e-05, It/sec 0.022, Tokens/sec 27.774, Trained Tokens 393506, Peak mem 25.207 GB
Iter 440: Train loss 0.077, Learning Rate 1.824e-05, It/sec 0.021, Tokens/sec 28.417, Trained Tokens 407137, Peak mem 25.207 GB

Calculating loss...:   0%|          | 0/25 [00:00<?, ?it/s]
Calculating loss...:   4%|▍         | 1/25 [00:17<07:09, 17.90s/it]
Calculating loss...:   8%|▊         | 2/25 [00:35<06:52, 17.91s/it]
Calculating loss...:  12%|█▏        | 3/25 [00:56<07:05, 19.32s/it]
Calculating loss...:  16%|█▌        | 4/25 [01:16<06:46, 19.37s/it]
Calculating loss...:  20%|██        | 5/25 [01:36<06:35, 19.80s/it]
Calculating loss...:  24%|██▍       | 6/25 [01:55<06:10, 19.48s/it]
Calculating loss...:  28%|██▊       | 7/25 [02:10<05:20, 17.82s/it]
Calculating loss...:  32%|███▏      | 8/25 [02:32<05:30, 19.42s/it]
Calculating loss...:  36%|███▌      | 9/25 [02:52<05:13, 19.58s/it]
Calculating loss...:  40%|████      | 10/25 [03:09<04:41, 18.76s/it]
Calculating loss...:  44%|████▍     | 11/25 [03:29<04:26, 19.05s/it]
Calculating loss...:  48%|████▊     | 12/25 [03:43<03:47, 17.53s/it]
Calculating loss...:  52%|█████▏    | 13/25 [04:00<03:27, 17.30s/it]
Calculating loss...:  56%|█████▌    | 14/25 [04:16<03:05, 16.82s/it]
Calculating loss...:  60%|██████    | 15/25 [04:35<02:56, 17.67s/it]
Calculating loss...:  64%|██████▍   | 16/25 [04:56<02:48, 18.69s/it]
Calculating loss...:  68%|██████▊   | 17/25 [05:16<02:31, 18.97s/it]
Calculating loss...:  72%|███████▏  | 18/25 [05:34<02:11, 18.75s/it]
Calculating loss...:  76%|███████▌  | 19/25 [05:54<01:54, 19.16s/it]
Calculating loss...:  80%|████████  | 20/25 [06:12<01:34, 18.87s/it]
Calculating loss...:  84%|████████▍ | 21/25 [06:22<01:04, 16.13s/it]
Calculating loss...:  88%|████████▊ | 22/25 [06:42<00:51, 17.17s/it]
Calculating loss...:  92%|█████████▏| 23/25 [07:03<00:36, 18.32s/it]
Calculating loss...:  96%|█████████▌| 24/25 [07:24<00:19, 19.14s/it]
Calculating loss...: 100%|██████████| 25/25 [07:37<00:00, 17.23s/it]
Calculating loss...: 100%|██████████| 25/25 [07:37<00:00, 18.28s/it]
Iter 450: Val loss 0.068, Val took 457.085s
Iter 450: Train loss 0.063, Learning Rate 1.811e-05, It/sec 0.023, Tokens/sec 28.010, Trained Tokens 419213, Peak mem 25.207 GB
Iter 450: Saved adapter weights to adapters/chem_sage_32b_v2_lora/adapters.safetensors and adapters/chem_sage_32b_v2_lora/0000350_adapters.safetensors.
Iter 460: Train loss 0.045, Learning Rate 1.799e-05, It/sec 0.024, Tokens/sec 28.889, Trained Tokens 431341, Peak mem 25.207 GB
Iter 470: Train loss 0.057, Learning Rate 1.786e-05, It/sec 0.023, Tokens/sec 26.031, Trained Tokens 442837, Peak mem 25.207 GB

Calculating loss...:   0%|          | 0/25 [00:00<?, ?it/s]
Calculating loss...:   4%|▍         | 1/25 [00:20<08:19, 20.80s/it]
Calculating loss...:   8%|▊         | 2/25 [00:41<08:01, 20.95s/it]
Calculating loss...:  12%|█▏        | 3/25 [00:59<07:12, 19.64s/it]
Calculating loss...:  16%|█▌        | 4/25 [01:14<06:13, 17.79s/it]
Calculating loss...:  20%|██        | 5/25 [01:32<05:54, 17.75s/it]
Calculating loss...:  24%|██▍       | 6/25 [01:52<05:53, 18.60s/it]
Calculating loss...:  28%|██▊       | 7/25 [02:14<05:51, 19.52s/it]
Calculating loss...:  32%|███▏      | 8/25 [02:34<05:34, 19.66s/it]
Calculating loss...:  36%|███▌      | 9/25 [02:52<05:09, 19.34s/it]
Calculating loss...:  40%|████      | 10/25 [03:12<04:52, 19.48s/it]
Calculating loss...:  44%|████▍     | 11/25 [03:32<04:35, 19.69s/it]
Calculating loss...:  48%|████▊     | 12/25 [03:49<04:05, 18.85s/it]
Calculating loss...:  52%|█████▏    | 13/25 [04:02<03:23, 16.95s/it]
Calculating loss...:  56%|█████▌    | 14/25 [04:22<03:16, 17.85s/it]
Calculating loss...:  60%|██████    | 15/25 [04:37<02:51, 17.17s/it]
Calculating loss...:  64%|██████▍   | 16/25 [04:56<02:38, 17.57s/it]
Calculating loss...:  68%|██████▊   | 17/25 [05:14<02:22, 17.85s/it]
Calculating loss...:  72%|███████▏  | 18/25 [05:32<02:05, 17.87s/it]
Calculating loss...:  76%|███████▌  | 19/25 [05:54<01:54, 19.10s/it]
Calculating loss...:  80%|████████  | 20/25 [06:15<01:37, 19.54s/it]
Calculating loss...:  84%|████████▍ | 21/25 [06:36<01:19, 19.95s/it]
Calculating loss...:  88%|████████▊ | 22/25 [06:53<00:57, 19.31s/it]
Calculating loss...:  92%|█████████▏| 23/25 [07:12<00:38, 19.13s/it]
Calculating loss...:  96%|█████████▌| 24/25 [07:35<00:20, 20.09s/it]
Calculating loss...: 100%|██████████| 25/25 [07:54<00:00, 19.76s/it]
Calculating loss...: 100%|██████████| 25/25 [07:54<00:00, 18.96s/it]
Iter 475: Val loss 0.064, Val took 474.028s
Iter 475: Saved adapter weights to adapters/chem_sage_32b_v2_lora/adapters.safetensors and adapters/chem_sage_32b_v2_lora/0000375_adapters.safetensors.
Iter 480: Train loss 0.076, Learning Rate 1.773e-05, It/sec 0.021, Tokens/sec 25.978, Trained Tokens 455381, Peak mem 25.207 GB
Iter 490: Train loss 0.074, Learning Rate 1.760e-05, It/sec 0.019, Tokens/sec 22.861, Trained Tokens 467448, Peak mem 25.207 GB

Calculating loss...:   0%|          | 0/25 [00:00<?, ?it/s]
Calculating loss...:   4%|▍         | 1/25 [00:16<06:27, 16.14s/it]
Calculating loss...:   8%|▊         | 2/25 [00:32<06:07, 15.98s/it]
Calculating loss...:  12%|█▏        | 3/25 [00:52<06:36, 18.01s/it]
Calculating loss...:  16%|█▌        | 4/25 [01:14<06:50, 19.57s/it]
Calculating loss...:  20%|██        | 5/25 [01:34<06:34, 19.74s/it]
Calculating loss...:  24%|██▍       | 6/25 [01:53<06:11, 19.56s/it]
Calculating loss...:  28%|██▊       | 7/25 [02:06<05:14, 17.47s/it]
Calculating loss...:  32%|███▏      | 8/25 [02:28<05:19, 18.81s/it]
Calculating loss...:  36%|███▌      | 9/25 [02:50<05:14, 19.68s/it]
Calculating loss...:  40%|████      | 10/25 [03:03<04:24, 17.63s/it]
Calculating loss...:  44%|████▍     | 11/25 [03:13<03:34, 15.31s/it]
Calculating loss...:  48%|████▊     | 12/25 [03:34<03:44, 17.24s/it]
Calculating loss...:  52%|█████▏    | 13/25 [03:54<03:36, 18.04s/it]
Calculating loss...:  56%|█████▌    | 14/25 [04:14<03:23, 18.51s/it]
Calculating loss...:  60%|██████    | 15/25 [04:33<03:08, 18.84s/it]
Calculating loss...:  64%|██████▍   | 16/25 [04:55<02:55, 19.54s/it]
Calculating loss...:  68%|██████▊   | 17/25 [05:15<02:37, 19.71s/it]
Calculating loss...:  72%|███████▏  | 18/25 [05:35<02:18, 19.82s/it]
Calculating loss...:  76%|███████▌  | 19/25 [05:53<01:56, 19.45s/it]
Calculating loss...:  80%|████████  | 20/25 [06:13<01:37, 19.60s/it]
Calculating loss...:  84%|████████▍ | 21/25 [06:32<01:16, 19.21s/it]
Calculating loss...:  88%|████████▊ | 22/25 [06:51<00:58, 19.37s/it]
Calculating loss...:  92%|█████████▏| 23/25 [07:11<00:38, 19.46s/it]
Calculating loss...:  96%|█████████▌| 24/25 [07:25<00:17, 17.84s/it]
Calculating loss...: 100%|██████████| 25/25 [07:46<00:00, 18.80s/it]
Calculating loss...: 100%|██████████| 25/25 [07:46<00:00, 18.66s/it]
Iter 500: Val loss 0.059, Val took 466.605s
Iter 500: Train loss 0.059, Learning Rate 1.746e-05, It/sec 0.021, Tokens/sec 24.241, Trained Tokens 478775, Peak mem 25.207 GB
Iter 500: Saved adapter weights to adapters/chem_sage_32b_v2_lora/adapters.safetensors and adapters/chem_sage_32b_v2_lora/0000400_adapters.safetensors.
Iter 510: Train loss 0.084, Learning Rate 1.732e-05, It/sec 0.021, Tokens/sec 24.508, Trained Tokens 490232, Peak mem 25.207 GB
Iter 520: Train loss 0.060, Learning Rate 1.717e-05, It/sec 0.020, Tokens/sec 22.756, Trained Tokens 501718, Peak mem 25.207 GB

Calculating loss...:   0%|          | 0/25 [00:00<?, ?it/s]
Calculating loss...:   4%|▍         | 1/25 [00:22<09:07, 22.81s/it]
Calculating loss...:   8%|▊         | 2/25 [00:43<08:18, 21.69s/it]
Calculating loss...:  12%|█▏        | 3/25 [00:57<06:32, 17.86s/it]
Calculating loss...:  16%|█▌        | 4/25 [01:18<06:42, 19.17s/it]
Calculating loss...:  20%|██        | 5/25 [01:42<07:00, 21.03s/it]
Calculating loss...:  24%|██▍       | 6/25 [02:08<07:09, 22.59s/it]
Calculating loss...:  28%|██▊       | 7/25 [02:21<05:53, 19.63s/it]
Calculating loss...:  32%|███▏      | 8/25 [02:42<05:41, 20.10s/it]
Calculating loss...:  36%|███▌      | 9/25 [03:08<05:48, 21.81s/it]
Calculating loss...:  40%|████      | 10/25 [03:25<05:07, 20.47s/it]
Calculating loss...:  44%|████▍     | 11/25 [03:49<05:00, 21.44s/it]
Calculating loss...:  48%|████▊     | 12/25 [04:08<04:28, 20.64s/it]
Calculating loss...:  52%|█████▏    | 13/25 [04:29<04:10, 20.88s/it]
Calculating loss...:  56%|█████▌    | 14/25 [04:47<03:39, 19.93s/it]
Calculating loss...:  60%|██████    | 15/25 [04:59<02:54, 17.42s/it]
Calculating loss...:  64%|██████▍   | 16/25 [05:20<02:47, 18.65s/it]
Calculating loss...:  68%|██████▊   | 17/25 [05:39<02:28, 18.62s/it]
Calculating loss...:  72%|███████▏  | 18/25 [05:59<02:13, 19.10s/it]
Calculating loss...:  76%|███████▌  | 19/25 [06:19<01:56, 19.37s/it]
Calculating loss...:  80%|████████  | 20/25 [06:37<01:35, 19.13s/it]
Calculating loss...:  84%|████████▍ | 21/25 [06:56<01:15, 18.88s/it]
Calculating loss...:  88%|████████▊ | 22/25 [07:12<00:54, 18.23s/it]
Calculating loss...:  92%|█████████▏| 23/25 [07:33<00:38, 19.05s/it]
Calculating loss...:  96%|█████████▌| 24/25 [07:48<00:17, 17.61s/it]
Calculating loss...: 100%|██████████| 25/25 [08:07<00:00, 18.20s/it]
Calculating loss...: 100%|██████████| 25/25 [08:07<00:00, 19.51s/it]
Iter 525: Val loss 0.062, Val took 487.687s
Iter 525: Saved adapter weights to adapters/chem_sage_32b_v2_lora/adapters.safetensors and adapters/chem_sage_32b_v2_lora/0000425_adapters.safetensors.
Iter 530: Train loss 0.080, Learning Rate 1.703e-05, It/sec 0.021, Tokens/sec 26.641, Trained Tokens 514385, Peak mem 25.207 GB
Iter 540: Train loss 0.058, Learning Rate 1.688e-05, It/sec 0.025, Tokens/sec 29.128, Trained Tokens 526100, Peak mem 25.207 GB

Calculating loss...:   0%|          | 0/25 [00:00<?, ?it/s]
Calculating loss...:   4%|▍         | 1/25 [00:20<08:18, 20.76s/it]
Calculating loss...:   8%|▊         | 2/25 [00:41<07:53, 20.57s/it]
Calculating loss...:  12%|█▏        | 3/25 [00:54<06:17, 17.17s/it]
Calculating loss...:  16%|█▌        | 4/25 [01:11<06:03, 17.33s/it]
Calculating loss...:  20%|██        | 5/25 [01:29<05:47, 17.36s/it]
Calculating loss...:  24%|██▍       | 6/25 [01:51<05:58, 18.85s/it]
Calculating loss...:  28%|██▊       | 7/25 [02:09<05:38, 18.79s/it]
Calculating loss...:  32%|███▏      | 8/25 [02:28<05:17, 18.69s/it]
Calculating loss...:  36%|███▌      | 9/25 [02:38<04:14, 15.93s/it]
Calculating loss...:  40%|████      | 10/25 [02:53<03:56, 15.78s/it]
Calculating loss...:  44%|████▍     | 11/25 [03:13<03:58, 17.02s/it]
Calculating loss...:  48%|████▊     | 12/25 [03:33<03:52, 17.85s/it]
Calculating loss...:  52%|█████▏    | 13/25 [03:47<03:20, 16.70s/it]
Calculating loss...:  56%|█████▌    | 14/25 [04:05<03:08, 17.14s/it]
Calculating loss...:  60%|██████    | 15/25 [04:22<02:50, 17.08s/it]
Calculating loss...:  64%|██████▍   | 16/25 [04:40<02:37, 17.50s/it]
Calculating loss...:  68%|██████▊   | 17/25 [04:54<02:11, 16.49s/it]
Calculating loss...:  72%|███████▏  | 18/25 [05:13<01:59, 17.03s/it]
Calculating loss...:  76%|███████▌  | 19/25 [05:32<01:46, 17.82s/it]
Calculating loss...:  80%|████████  | 20/25 [05:48<01:25, 17.14s/it]
Calculating loss...:  84%|████████▍ | 21/25 [06:05<01:08, 17.10s/it]
Calculating loss...:  88%|████████▊ | 22/25 [06:22<00:51, 17.07s/it]
Calculating loss...:  92%|█████████▏| 23/25 [06:42<00:36, 18.03s/it]
Calculating loss...:  96%|█████████▌| 24/25 [07:02<00:18, 18.51s/it]
Calculating loss...: 100%|██████████| 25/25 [07:19<00:00, 18.08s/it]
Calculating loss...: 100%|██████████| 25/25 [07:19<00:00, 17.57s/it]
Iter 550: Val loss 0.062, Val took 439.285s
Iter 550: Train loss 0.048, Learning Rate 1.672e-05, It/sec 0.024, Tokens/sec 28.473, Trained Tokens 538012, Peak mem 25.207 GB
Iter 550: Saved adapter weights to adapters/chem_sage_32b_v2_lora/adapters.safetensors and adapters/chem_sage_32b_v2_lora/0000450_adapters.safetensors.
Iter 560: Train loss 0.075, Learning Rate 1.657e-05, It/sec 0.021, Tokens/sec 23.953, Trained Tokens 549427, Peak mem 25.207 GB
Iter 570: Train loss 0.065, Learning Rate 1.641e-05, It/sec 0.020, Tokens/sec 23.711, Trained Tokens 561208, Peak mem 25.207 GB

Calculating loss...:   0%|          | 0/25 [00:00<?, ?it/s]
Calculating loss...:   4%|▍         | 1/25 [00:23<09:12, 23.04s/it]
Calculating loss...:   8%|▊         | 2/25 [00:47<09:13, 24.07s/it]
Calculating loss...:  12%|█▏        | 3/25 [01:07<08:00, 21.84s/it]
Calculating loss...:  16%|█▌        | 4/25 [01:30<07:50, 22.39s/it]
Calculating loss...:  20%|██        | 5/25 [01:50<07:10, 21.53s/it]
Calculating loss...:  24%|██▍       | 6/25 [02:13<06:58, 22.05s/it]
Calculating loss...:  28%|██▊       | 7/25 [02:35<06:39, 22.18s/it]
Calculating loss...:  32%|███▏      | 8/25 [02:48<05:23, 19.04s/it]
Calculating loss...:  36%|███▌      | 9/25 [03:04<04:53, 18.36s/it]
Calculating loss...:  40%|████      | 10/25 [03:25<04:46, 19.07s/it]
Calculating loss...:  44%|████▍     | 11/25 [03:48<04:45, 20.37s/it]
Calculating loss...:  48%|████▊     | 12/25 [04:10<04:31, 20.85s/it]
Calculating loss...:  52%|█████▏    | 13/25 [04:32<04:12, 21.04s/it]
Calculating loss...:  56%|█████▌    | 14/25 [04:51<03:46, 20.59s/it]
Calculating loss...:  60%|██████    | 15/25 [05:15<03:35, 21.52s/it]
Calculating loss...:  64%|██████▍   | 16/25 [05:30<02:54, 19.44s/it]
Calculating loss...:  68%|██████▊   | 17/25 [05:50<02:37, 19.69s/it]
Calculating loss...:  72%|███████▏  | 18/25 [06:07<02:12, 18.91s/it]
Calculating loss...:  76%|███████▌  | 19/25 [06:27<01:54, 19.14s/it]
Calculating loss...:  80%|████████  | 20/25 [06:44<01:32, 18.44s/it]
Calculating loss...:  84%|████████▍ | 21/25 [07:02<01:13, 18.45s/it]
Calculating loss...:  88%|████████▊ | 22/25 [07:21<00:55, 18.49s/it]
Calculating loss...:  92%|█████████▏| 23/25 [07:40<00:37, 18.92s/it]
Calculating loss...:  96%|█████████▌| 24/25 [08:00<00:19, 19.23s/it]
Calculating loss...: 100%|██████████| 25/25 [08:19<00:00, 18.96s/it]
Calculating loss...: 100%|██████████| 25/25 [08:19<00:00, 19.97s/it]
Iter 575: Val loss 0.062, Val took 499.272s
Iter 575: Saved adapter weights to adapters/chem_sage_32b_v2_lora/adapters.safetensors and adapters/chem_sage_32b_v2_lora/0000475_adapters.safetensors.
Iter 580: Train loss 0.060, Learning Rate 1.624e-05, It/sec 0.026, Tokens/sec 28.199, Trained Tokens 572154, Peak mem 25.207 GB
Iter 590: Train loss 0.061, Learning Rate 1.608e-05, It/sec 0.021, Tokens/sec 27.363, Trained Tokens 584903, Peak mem 25.207 GB

Calculating loss...:   0%|          | 0/25 [00:00<?, ?it/s]
Calculating loss...:   4%|▍         | 1/25 [00:22<09:11, 22.96s/it]
Calculating loss...:   8%|▊         | 2/25 [00:42<07:57, 20.76s/it]
Calculating loss...:  12%|█▏        | 3/25 [01:05<08:02, 21.95s/it]
Calculating loss...:  16%|█▌        | 4/25 [01:28<07:49, 22.35s/it]
Calculating loss...:  20%|██        | 5/25 [01:48<07:12, 21.61s/it]
Calculating loss...:  24%|██▍       | 6/25 [02:08<06:38, 20.96s/it]
Calculating loss...:  28%|██▊       | 7/25 [02:25<05:55, 19.76s/it]
Calculating loss...:  32%|███▏      | 8/25 [02:40<05:06, 18.06s/it]
Calculating loss...:  36%|███▌      | 9/25 [03:03<05:13, 19.58s/it]
Calculating loss...:  40%|████      | 10/25 [03:31<05:35, 22.34s/it]
Calculating loss...:  44%|████▍     | 11/25 [03:54<05:15, 22.57s/it]
Calculating loss...:  48%|████▊     | 12/25 [04:16<04:49, 22.28s/it]
Calculating loss...:  52%|█████▏    | 13/25 [04:43<04:44, 23.74s/it]
Calculating loss...:  56%|█████▌    | 14/25 [05:04<04:13, 23.07s/it]
Calculating loss...:  60%|██████    | 15/25 [05:25<03:44, 22.42s/it]
Calculating loss...:  64%|██████▍   | 16/25 [05:46<03:17, 21.92s/it]
Calculating loss...:  68%|██████▊   | 17/25 [06:07<02:52, 21.60s/it]
Calculating loss...:  72%|███████▏  | 18/25 [06:31<02:37, 22.43s/it]
Calculating loss...:  76%|███████▌  | 19/25 [06:54<02:14, 22.40s/it]
Calculating loss...:  80%|████████  | 20/25 [07:16<01:51, 22.32s/it]
Calculating loss...:  84%|████████▍ | 21/25 [07:39<01:29, 22.48s/it]
Calculating loss...:  88%|████████▊ | 22/25 [08:03<01:09, 23.09s/it]
Calculating loss...:  92%|█████████▏| 23/25 [08:25<00:45, 22.63s/it]
Calculating loss...:  96%|█████████▌| 24/25 [08:45<00:21, 21.86s/it]
Calculating loss...: 100%|██████████| 25/25 [09:08<00:00, 22.40s/it]
Calculating loss...: 100%|██████████| 25/25 [09:08<00:00, 21.96s/it]
Iter 600: Val loss 0.060, Val took 549.032s
Iter 600: Train loss 0.073, Learning Rate 1.591e-05, It/sec 0.023, Tokens/sec 27.516, Trained Tokens 597022, Peak mem 25.207 GB
Iter 600: Saved adapter weights to adapters/chem_sage_32b_v2_lora/adapters.safetensors and adapters/chem_sage_32b_v2_lora/0000500_adapters.safetensors.
Iter 610: Train loss 0.060, Learning Rate 1.574e-05, It/sec 0.021, Tokens/sec 24.572, Trained Tokens 608967, Peak mem 25.207 GB
Iter 620: Train loss 0.069, Learning Rate 1.557e-05, It/sec 0.021, Tokens/sec 25.124, Trained Tokens 621124, Peak mem 25.207 GB

Calculating loss...:   0%|          | 0/25 [00:00<?, ?it/s]
Calculating loss...:   4%|▍         | 1/25 [00:17<06:50, 17.09s/it]
Calculating loss...:   8%|▊         | 2/25 [00:40<07:55, 20.67s/it]
Calculating loss...:  12%|█▏        | 3/25 [00:57<06:55, 18.87s/it]
Calculating loss...:  16%|█▌        | 4/25 [01:18<06:59, 20.00s/it]
Calculating loss...:  20%|██        | 5/25 [01:41<07:03, 21.16s/it]
Calculating loss...:  24%|██▍       | 6/25 [02:03<06:45, 21.35s/it]
Calculating loss...:  28%|██▊       | 7/25 [02:22<06:08, 20.49s/it]
Calculating loss...:  32%|███▏      | 8/25 [02:42<05:48, 20.51s/it]
Calculating loss...:  36%|███▌      | 9/25 [03:05<05:36, 21.04s/it]
Calculating loss...:  40%|████      | 10/25 [03:25<05:12, 20.85s/it]
Calculating loss...:  44%|████▍     | 11/25 [03:44<04:45, 20.41s/it]
Calculating loss...:  48%|████▊     | 12/25 [04:03<04:18, 19.87s/it]
Calculating loss...:  52%|█████▏    | 13/25 [04:25<04:05, 20.47s/it]
Calculating loss...:  56%|█████▌    | 14/25 [04:48<03:55, 21.37s/it]
Calculating loss...:  60%|██████    | 15/25 [05:14<03:45, 22.57s/it]
Calculating loss...:  64%|██████▍   | 16/25 [05:37<03:25, 22.86s/it]
Calculating loss...:  68%|██████▊   | 17/25 [05:53<02:45, 20.70s/it]
Calculating loss...:  72%|███████▏  | 18/25 [06:12<02:20, 20.12s/it]
Calculating loss...:  76%|███████▌  | 19/25 [06:31<01:58, 19.73s/it]
Calculating loss...:  80%|████████  | 20/25 [06:53<01:42, 20.45s/it]
Calculating loss...:  84%|████████▍ | 21/25 [07:13<01:21, 20.40s/it]
Calculating loss...:  88%|████████▊ | 22/25 [07:35<01:02, 20.80s/it]
Calculating loss...:  92%|█████████▏| 23/25 [07:57<00:42, 21.23s/it]
Calculating loss...:  96%|█████████▌| 24/25 [08:16<00:20, 20.63s/it]
Calculating loss...: 100%|██████████| 25/25 [08:39<00:00, 21.22s/it]
Calculating loss...: 100%|██████████| 25/25 [08:39<00:00, 20.77s/it]
Iter 625: Val loss 0.054, Val took 519.279s
Iter 625: Saved adapter weights to adapters/chem_sage_32b_v2_lora/adapters.safetensors and adapters/chem_sage_32b_v2_lora/0000525_adapters.safetensors.
Iter 630: Train loss 0.070, Learning Rate 1.539e-05, It/sec 0.022, Tokens/sec 25.680, Trained Tokens 632696, Peak mem 25.207 GB
/opt/anaconda3/envs/python_3_11_15_chemsage/lib/python3.11/multiprocessing/resource_tracker.py:254: UserWarning: resource_tracker: There appear to be 1 leaked semaphore objects to clean up at shutdown
  warnings.warn('resource_tracker: There appear to be %d '
